{
  "Cucumber Features": {
    "coverage": {
      "C:/Users/edani/Documents/GitHub/toros_vacas/app.rb": {
        "lines": [
          1,
          1,
          null,
          1,
          1,
          1,
          1,
          2,
          null,
          1,
          2,
          null,
          null,
          1,
          2,
          2,
          2,
          2,
          2,
          2,
          null,
          0,
          null,
          null,
          1,
          0,
          null,
          null,
          1,
          1,
          1,
          1,
          1,
          1,
          1,
          0,
          1,
          0,
          null,
          1,
          null,
          null,
          0,
          null,
          null,
          null
        ]
      },
      "C:/Users/edani/Documents/GitHub/toros_vacas/lib/toros_vacas.rb": {
        "lines": [
          1,
          1,
          0,
          0,
          0,
          null,
          1,
          0,
          null,
          1,
          3,
          null,
          1,
          3,
          3,
          3,
          null,
          0,
          null,
          3,
          null,
          1,
          2,
          null,
          1,
          2,
          null,
          1,
          3,
          null,
          1,
          1,
          null,
          1,
          1,
          1,
          1,
          1,
          1,
          4,
          1,
          3,
          1,
          null,
          null,
          1,
          null,
          1,
          1,
          1,
          1,
          1,
          4,
          1,
          3,
          1,
          null,
          null,
          1,
          null,
          null
        ]
      },
      "C:/Users/edani/Documents/GitHub/toros_vacas/features/step_definitions/ingresarCodigo_steps.rb": {
        "lines": [
          1,
          1,
          null,
          null,
          1,
          1,
          null,
          null,
          1,
          1,
          null,
          null,
          1,
          1,
          null,
          null,
          1,
          1,
          null,
          null,
          1,
          1,
          null
        ]
      },
      "C:/Users/edani/Documents/GitHub/toros_vacas/features/step_definitions/ingresarIntento_steps.rb": {
        "lines": [
          1,
          1,
          1,
          1,
          1,
          null,
          null,
          1,
          1,
          null,
          null,
          1,
          1,
          null,
          null,
          1,
          1,
          null
        ]
      },
      "C:/Users/edani/Documents/GitHub/toros_vacas/features/step_definitions/template_steps.rb": {
        "lines": [
          1,
          0,
          null,
          null,
          1,
          0,
          null,
          null,
          1,
          0,
          null,
          null,
          1,
          0,
          null,
          null,
          1,
          0,
          null,
          null,
          1,
          0,
          null,
          null,
          1,
          0,
          null,
          null,
          null,
          null,
          1,
          null,
          0,
          null,
          0,
          0,
          null,
          null
        ]
      }
    },
    "timestamp": 1592169519
  },
  "RSpec": {
    "coverage": {
      "C:/toros_vacas/spec/toros_vacas_spec.rb": {
        "lines": [
          1,
          1,
          10,
          10,
          10,
          null,
          1,
          1,
          null,
          1,
          1,
          null,
          1,
          1,
          null,
          1,
          1,
          null,
          1,
          1,
          null,
          null,
          1,
          1,
          1,
          null,
          1,
          1,
          1,
          null,
          1,
          1,
          null,
          1,
          1,
          1,
          null,
          null
        ]
      },
      "C:/toros_vacas/lib/toros_vacas.rb": {
        "lines": [
          1,
          1,
          0,
          0,
          0,
          null,
          1,
          1,
          null,
          1,
          4,
          null,
          1,
          4,
          4,
          1,
          null,
          3,
          null,
          4,
          null,
          1,
          9,
          null,
          1,
          9,
          null,
          1,
          2,
          null,
          1,
          1,
          null,
          1,
          0,
          0,
          0,
          0,
          0,
          0,
          0,
          0,
          0,
          null,
          null,
          0,
          null,
          1,
          2,
          2,
          2,
          2,
          8,
          5,
          3,
          1,
          null,
          null,
          2,
          null,
          null
        ]
      }
    },
    "timestamp": 1592152520
  }
}
